<?xml version="1.0" encoding="UTF-8"?>
<!-- Generated by org.testng.reporters.JUnitReportReporter -->
<testsuite hostname="ULTP_284" name="com.suiteLogout.TestCase_Logout" tests="1" failures="0" timestamp="19 Aug 2015 10:34:38 GMT" time="21.102" errors="0">
  <testcase name="LogOutTest" time="21.102" classname="com.suiteLogout.TestCase_Logout"/>
</testsuite> <!-- com.suiteLogout.TestCase_Logout -->
