<?xml version="1.0" encoding="UTF-8"?>
<!-- Generated by org.testng.reporters.JUnitReportReporter -->
<testsuite hostname="ULTP_284" name="com.suiteUsers.TestCase_EditUser" tests="1" failures="1" timestamp="19 Aug 2015 10:34:38 GMT" time="0.000" errors="0">
  <testcase name="verifyEditUser" time="0.000" classname="com.suiteUsers.TestCase_EditUser"/>
</testsuite> <!-- com.suiteUsers.TestCase_EditUser -->
