<?xml version="1.0" encoding="UTF-8"?>
<!-- Generated by org.testng.reporters.JUnitReportReporter -->
<testsuite hostname="ULTP_284" name="com.suiteQuestions.TestCase_SearchQuestionsByName" tests="1" failures="1" timestamp="19 Aug 2015 10:34:38 GMT" time="0.001" errors="0">
  <testcase name="verifySearchQuestionsByNameTest" time="0.001" classname="com.suiteQuestions.TestCase_SearchQuestionsByName"/>
</testsuite> <!-- com.suiteQuestions.TestCase_SearchQuestionsByName -->
