<?xml version="1.0" encoding="UTF-8"?>
<!-- Generated by org.testng.reporters.JUnitReportReporter -->
<testsuite hostname="ULTP_284" name="com.SuitePageCheck.TestCase_PageCheckSandOReport" tests="1" failures="0" timestamp="19 Aug 2015 10:34:38 GMT" time="54.482" errors="0">
  <testcase name="PageCheckSandOReport" time="54.482" classname="com.SuitePageCheck.TestCase_PageCheckSandOReport"/>
</testsuite> <!-- com.SuitePageCheck.TestCase_PageCheckSandOReport -->
