<?xml version="1.0" encoding="UTF-8"?>
<!-- Generated by org.testng.reporters.JUnitReportReporter -->
<testsuite hostname="ULTP_151" name="com.AssessmentsSuite.TestCase_DeleteAssessmentfolder" tests="1" failures="1" timestamp="7 Nov 2013 11:48:06 GMT" time="0.001" errors="0">
  <testcase name="deleteAssessmentfolder" time="0.001" classname="com.AssessmentsSuite.TestCase_DeleteAssessmentfolder"/>
</testsuite> <!-- com.AssessmentsSuite.TestCase_DeleteAssessmentfolder -->
