<?xml version="1.0" encoding="UTF-8"?>
<!-- Generated by org.testng.reporters.JUnitReportReporter -->
<testsuite hostname="ULTP_151" name="com.suiteLogin.TestCase_PreCondition" tests="3" failures="3" timestamp="7 Nov 2013 11:48:06 GMT" time="0.000" errors="0">
  <testcase name="TestCaseCheckForColumnsNameAdd" time="0.000" classname="com.suiteLogin.TestCase_PreCondition"/>
  <testcase name="TestCaseCheckForCategoryName" time="0.000" classname="com.suiteLogin.TestCase_PreCondition"/>
  <testcase name="TestCaseCheckForQuestionsFolderName" time="0.000" classname="com.suiteLogin.TestCase_PreCondition"/>
</testsuite> <!-- com.suiteLogin.TestCase_PreCondition -->
