<?xml version="1.0" encoding="UTF-8"?>
<!-- Generated by org.testng.reporters.JUnitReportReporter -->
<testsuite hostname="ULTP_151" name="com.CommonSuite.TestCase_CheckAssessments" tests="1" failures="1" timestamp="7 Nov 2013 11:48:06 GMT" time="0.000" errors="0">
  <testcase name="CheckAssessmentsTab" time="0.000" classname="com.CommonSuite.TestCase_CheckAssessments"/>
</testsuite> <!-- com.CommonSuite.TestCase_CheckAssessments -->
