<?xml version="1.0" encoding="UTF-8"?>
<!-- Generated by org.testng.reporters.JUnitReportReporter -->
<testsuite hostname="ULTP_284" name="com.SuitePageCheck.TestCase_PageCheckETReports" tests="1" failures="0" timestamp="19 Aug 2015 10:34:38 GMT" time="57.903" errors="0">
  <testcase name="PageCheckETReports" time="57.903" classname="com.SuitePageCheck.TestCase_PageCheckETReports"/>
</testsuite> <!-- com.SuitePageCheck.TestCase_PageCheckETReports -->
