<?xml version="1.0" encoding="UTF-8"?>
<!-- Generated by org.testng.reporters.JUnitReportReporter -->
<testsuite hostname="ULTP_284" name="com.suiteRubrics.TestCase_DeleteDimensionAndLevel" tests="1" failures="1" timestamp="19 Aug 2015 10:34:38 GMT" time="0.001" errors="0">
  <testcase name="VerifyDeleteDimensionAndLevel" time="0.001" classname="com.suiteRubrics.TestCase_DeleteDimensionAndLevel"/>
</testsuite> <!-- com.suiteRubrics.TestCase_DeleteDimensionAndLevel -->
