<?xml version="1.0" encoding="UTF-8"?>
<!-- Generated by org.testng.reporters.JUnitReportReporter -->
<testsuite hostname="ULTP_284" name="com.suiteLogin.TestCase_Login" tests="1" failures="0" timestamp="19 Aug 2015 10:34:38 GMT" time="27.251" errors="0">
  <testcase name="TestCaseLogin" time="27.251" classname="com.suiteLogin.TestCase_Login"/>
</testsuite> <!-- com.suiteLogin.TestCase_Login -->
