<?xml version="1.0" encoding="UTF-8"?>
<!-- Generated by org.testng.reporters.JUnitReportReporter -->
<testsuite hostname="ULTP_284" name="com.suiteQuestions.TestCase_Community_HelpGuide_Links" tests="1" failures="1" timestamp="19 Aug 2015 10:34:38 GMT" time="0.000" errors="0">
  <testcase name="verifyCommunity_HelpGuide_Links" time="0.000" classname="com.suiteQuestions.TestCase_Community_HelpGuide_Links"/>
</testsuite> <!-- com.suiteQuestions.TestCase_Community_HelpGuide_Links -->
