<?xml version="1.0" encoding="UTF-8"?>
<!-- Generated by org.testng.reporters.JUnitReportReporter -->
<testsuite hostname="ULTP_151" name="com.CommonSuite.TestCase_CheckExamTakers" tests="1" failures="1" timestamp="7 Nov 2013 11:48:06 GMT" time="0.067" errors="0">
  <testcase name="CheckExamTakersTab" time="0.067" classname="com.CommonSuite.TestCase_CheckExamTakers"/>
</testsuite> <!-- com.CommonSuite.TestCase_CheckExamTakers -->
