<?xml version="1.0" encoding="UTF-8"?>
<!-- Generated by org.testng.reporters.JUnitReportReporter -->
<testsuite hostname="ULTP_151" name="com.AssessmentsSuite.TestCase_NewAssessmentCustomNotice" tests="1" failures="1" timestamp="7 Nov 2013 11:48:06 GMT" time="0.000" errors="0">
  <testcase name="NewAssessmentCustomNotice" time="0.000" classname="com.AssessmentsSuite.TestCase_NewAssessmentCustomNotice"/>
</testsuite> <!-- com.AssessmentsSuite.TestCase_NewAssessmentCustomNotice -->
